Log file open, 06/08/16 23:10:12
LogInit:Display: Running engine for game: ArchVisDemo
LogPlatformFile: Not using cached read wrapper
LogInit:Display: RandInit(1015698850) SRandInit(1015698851).
LogTaskGraph: Started task graph with 4 named threads and 7 total threads with 1 sets of task threads.
LogStats: Stats thread started at 0.072077
LogInit: Version: 4.12.1-3001355+++UE4+Release-4.12
LogInit: API Version: 2992821
LogInit: Net Version: 3001355
LogDevObjectVersion: Number of dev versions registered: 13
LogDevObjectVersion:   Dev-Blueprints (B0D832E4-1F89-4F0D-ACCF-7EB736FD4AA2): 3
LogDevObjectVersion:   Dev-Build (E1C64328-A22C-4D53-A36C-8E866417BD8C): 0
LogDevObjectVersion:   Dev-Core (375EC13C-06E4-48FB-B500-84F0262A717E): 1
LogDevObjectVersion:   Dev-Editor (E4B068ED-F494-42E9-A231-DA0B2E46BB41): 2
LogDevObjectVersion:   Dev-Framework (CFFC743F-43B0-4480-9391-14DF171D2073): 6
LogDevObjectVersion:   Dev-Mobile (B02B49B5-BB20-44E9-A304-32B752E40360): 0
LogDevObjectVersion:   Dev-Networking (A4E4105C-59A1-49B5-A7C5-40C4547EDFEE): 0
LogDevObjectVersion:   Dev-Online (39C831C9-5AE6-47DC-9A44-9C173E1C8E7C): 0
LogDevObjectVersion:   Dev-Physics (78F01B33-EBEA-4F98-B9B4-84EACCB95AA2): 0
LogDevObjectVersion:   Dev-Platform (6631380F-2D4D-43E0-8009-CF276956A95A): 0
LogDevObjectVersion:   Dev-Rendering (12F88B9F-8875-4AFC-A67C-D90C383ABD29): 2
LogDevObjectVersion:   Dev-Sequencer (7B5AE74C-D270-4C10-A958-57980B212A5A): 0
LogDevObjectVersion:   Dev-VR (D7296918-1DD6-4BDD-9DE2-64A83CC13884): 0
LogInit: Compiled (64-bit): Jun  5 2016 22:47:38
LogInit: Compiled with Visual C++: 19.00.23026.00
LogInit: Build Configuration: Development
LogInit: Branch Name: ++UE4+Release-4.12
LogInit: Command line: -EpicPortal 
LogInit: Base directory: C:/Program Files/Epic Games/4.12/Engine/Binaries/Win64/
LogInit: Installed Engine Build: 1
LogInit: Using libcurl 7.41.0
LogInit:  - built for x86_64-pc-win32
LogInit:  - supports SSL with WinSSL
LogInit:  - other features:
LogInit:      CURL_VERSION_SSL
LogInit:      CURL_VERSION_IPV6
LogInit:      CURL_VERSION_ASYNCHDNS
LogInit:      CURL_VERSION_LARGEFILE
LogInit:      CURL_VERSION_IDN
LogInit:  CurlRequestOptions (configurable via config and command line):
LogInit:  - bVerifyPeer = true  - Libcurl will verify peer certificate
LogInit:  - bUseHttpProxy = false  - Libcurl will NOT use HTTP proxy
LogInit:  - bDontReuseConnections = false  - Libcurl will reuse connections
LogInit:  - CertBundlePath = nullptr  - Libcurl will use whatever was configured at build time.
LogInit: Presizing for max 8388607 objects, including 0 objects not considered by GC, pre-allocating 0 bytes for permanent pool.
LogInit: Object subsystem initialized
[2016.06.08-11.10.12:458][  0]LogInit: Selected Device Profile: [Windows]
[2016.06.08-11.10.12:458][  0]LogInit: Applying CVar settings loaded from the selected device profile: [Windows]
[2016.06.08-11.10.12:465][  0]LogInit: Computer: GREP
[2016.06.08-11.10.12:465][  0]LogInit: User: James
[2016.06.08-11.10.12:465][  0]LogInit: CPU Page size=65536, Cores=4
[2016.06.08-11.10.12:465][  0]LogInit: High frequency timer resolution =3.312787 MHz
[2016.06.08-11.10.12:465][  0]LogMemory: Memory total: Physical=8.0GB (8GB approx)
[2016.06.08-11.10.12:465][  0]LogMemory: Platform Memory Stats for Windows
[2016.06.08-11.10.12:465][  0]LogMemory: Process Physical Memory: 187.87 MB used, 187.87 MB peak
[2016.06.08-11.10.12:466][  0]LogMemory: Process Virtual Memory: 194.88 MB used, 194.88 MB peak
[2016.06.08-11.10.12:466][  0]LogMemory: Physical Memory: 5874.41 MB used, 8149.84 MB total
[2016.06.08-11.10.12:466][  0]LogMemory: Virtual Memory: 530.57 MB used, 134217728.00 MB total
[2016.06.08-11.10.12:491][  0]LogTextLocalizationManager: No specific translations for ('en-NZ') exist, so ('en') translations will be used.
[2016.06.08-11.10.12:873][  0]LogD3D11RHI: D3D11 adapters:
[2016.06.08-11.10.12:880][  0]LogD3D11RHI:    0. 'AMD Radeon R9 200 Series' (Feature Level 11_0)
[2016.06.08-11.10.12:880][  0]LogD3D11RHI:       4071/0/3840 MB DedicatedVideo/DedicatedSystem/SharedSystem, Outputs:2, VendorId:0x1002
[2016.06.08-11.10.12:882][  0]LogD3D11RHI:    1. 'Microsoft Basic Render Driver' (Feature Level 11_0)
[2016.06.08-11.10.12:882][  0]LogD3D11RHI:       0/0/256 MB DedicatedVideo/DedicatedSystem/SharedSystem, Outputs:0, VendorId:0x1414
[2016.06.08-11.10.12:882][  0]LogD3D11RHI: Chosen D3D11 Adapter: 0
[2016.06.08-11.10.12:886][  0]LogD3D11RHI: Creating new Direct3DDevice
[2016.06.08-11.10.12:886][  0]LogD3D11RHI:     GPU DeviceId: 0x67b1 (for the marketing name, search the web for "GPU Device Id")
[2016.06.08-11.10.12:886][  0]LogWindows: EnumDisplayDevices:
[2016.06.08-11.10.12:886][  0]LogWindows:    0. 'AMD Radeon R9 200 Series' (P:1 D:1)
[2016.06.08-11.10.12:886][  0]LogWindows:    1. 'AMD Radeon R9 200 Series' (P:0 D:1)
[2016.06.08-11.10.12:886][  0]LogWindows:    2. 'AMD Radeon R9 200 Series' (P:0 D:0)
[2016.06.08-11.10.12:887][  0]LogWindows:    3. 'AMD Radeon R9 200 Series' (P:0 D:0)
[2016.06.08-11.10.12:887][  0]LogWindows:    4. 'AMD Radeon R9 200 Series' (P:0 D:0)
[2016.06.08-11.10.12:887][  0]LogWindows:    5. 'AMD Radeon R9 200 Series' (P:0 D:0)
[2016.06.08-11.10.12:887][  0]LogWindows: DebugString: FoundDriverCount:6 
[2016.06.08-11.10.12:887][  0]LogD3D11RHI:     Adapter Name: AMD Radeon R9 200 Series
[2016.06.08-11.10.12:887][  0]LogD3D11RHI:   Driver Version: Catalyst 14.12 AMD Catalyst Omega Software (internal:14.501.1003.0, unified:14.501.1003.0)
[2016.06.08-11.10.12:887][  0]LogD3D11RHI:      Driver Date: 11-20-2014
[2016.06.08-11.10.12:887][  0]LogRHI: Texture pool is 1361 MB (70% of 1945 MB)
[2016.06.08-11.10.12:891][  0]LogD3D11RHI: Async texture creation disabled: no driver support
[2016.06.08-11.10.12:902][  0]LogD3D11RHI: GPU Timing Frequency: 27.000000 (Debug: 2 1)
[2016.06.08-11.10.12:902][  0]LogShaderCompilers: Guid format shader working directory is 6 characters bigger than the processId version (E:/Documents/Unreal Projects/ArchVisDemo/Intermediate/Shaders/WorkingDirectory/2324/).
[2016.06.08-11.10.12:902][  0]LogShaderCompilers: Cleaned the shader compiler working directory 'C:/Users/James/AppData/Local/Temp/UnrealShaderWorkingDir/D0AC315A43022EDB4F7103BD18A68415/'.
[2016.06.08-11.10.12:902][  0]LogShaderCompilers:Display: Using Local Shader Compiler.
[2016.06.08-11.10.13:827][  0]LogTemp:Display: Loaded TP AllDesktopTargetPlatform
[2016.06.08-11.10.13:836][  0]LogTemp:Display: Loaded TP WindowsClientTargetPlatform
[2016.06.08-11.10.13:845][  0]LogTemp:Display: Loaded TP WindowsNoEditorTargetPlatform
[2016.06.08-11.10.13:855][  0]LogTemp:Display: Loaded TP WindowsServerTargetPlatform
[2016.06.08-11.10.13:864][  0]LogTemp:Display: Loaded TP WindowsTargetPlatform
[2016.06.08-11.10.13:872][  0]LogTemp:Display: Loaded TP AndroidTargetPlatform
[2016.06.08-11.10.13:879][  0]LogTemp:Display: Loaded TP Android_ASTCTargetPlatform
[2016.06.08-11.10.13:887][  0]LogTemp:Display: Loaded TP Android_ATCTargetPlatform
[2016.06.08-11.10.13:894][  0]LogTemp:Display: Loaded TP Android_DXTTargetPlatform
[2016.06.08-11.10.13:902][  0]LogTemp:Display: Loaded TP Android_ETC1TargetPlatform
[2016.06.08-11.10.13:910][  0]LogTemp:Display: Loaded TP Android_ETC2TargetPlatform
[2016.06.08-11.10.13:926][  0]LogTemp:Display: Loaded TP Android_MultiTargetPlatform
[2016.06.08-11.10.13:926][  0]LogTemp:Display: Loaded TP Android_PVRTCTargetPlatform
[2016.06.08-11.10.13:927][  0]LogTemp:Display: Loaded TP HTML5TargetPlatform
[2016.06.08-11.10.13:949][  0]LogTemp:Display: Loaded TP IOSTargetPlatform
[2016.06.08-11.10.13:956][  0]LogTemp:Display: Loaded TP TVOSTargetPlatform
[2016.06.08-11.10.13:964][  0]LogTemp:Display: Loaded TP LinuxNoEditorTargetPlatform
[2016.06.08-11.10.13:972][  0]LogTemp:Display: Loaded TP LinuxServerTargetPlatform
[2016.06.08-11.10.13:980][  0]LogTemp:Display: Loaded TP LinuxTargetPlatform
[2016.06.08-11.10.13:980][  0]LogTargetPlatformManager:Display: Building Assets For Windows
[2016.06.08-11.10.14:041][  0]LogDerivedDataCache:Display: Max Cache Size: 512 MB
[2016.06.08-11.10.14:103][  0]LogDerivedDataCache: Loaded boot cache 0.06s 48MB C:/Users/James/AppData/Local/UnrealEngine/4.12/DerivedDataCache/Boot.ddc.
[2016.06.08-11.10.14:103][  0]LogDerivedDataCache:Display: Loaded Boot cache: C:/Users/James/AppData/Local/UnrealEngine/4.12/DerivedDataCache/Boot.ddc
[2016.06.08-11.10.14:103][  0]LogDerivedDataCache: FDerivedDataBackendGraph:  Pak pak cache file E:/Documents/Unreal Projects/ArchVisDemo/DerivedDataCache/DDC.ddp not found, will not use a pak cache.
[2016.06.08-11.10.14:103][  0]LogDerivedDataCache: Unable to find inner node Pak for hierarchical cache Hierarchy.
[2016.06.08-11.10.14:103][  0]LogDerivedDataCache: FDerivedDataBackendGraph:  CompressedPak pak cache file E:/Documents/Unreal Projects/ArchVisDemo/DerivedDataCache/Compressed.ddp not found, will not use a pak cache.
[2016.06.08-11.10.14:103][  0]LogDerivedDataCache: Unable to find inner node CompressedPak for hierarchical cache Hierarchy.
[2016.06.08-11.10.14:121][  0]LogDerivedDataCache:Display: Pak cache opened for reading ../../../Engine/DerivedDataCache/Compressed.ddp.
[2016.06.08-11.10.14:134][  0]LogDerivedDataCache: Using Local data cache path C:/Users/James/AppData/Local/UnrealEngine/Common/DerivedDataCache: Writable
[2016.06.08-11.10.14:349][  0]LogInit: Selected Device Profile: [Windows]
[2016.06.08-11.10.14:350][  0]LogContentStreaming: Texture pool size is 0.00 MB
[2016.06.08-11.10.14:522][  0]LogMeshUtilities: No automatic mesh reduction module available
[2016.06.08-11.10.14:522][  0]LogMeshUtilities: No automatic mesh merging module available
[2016.06.08-11.10.14:522][  0]LogMeshUtilities: No distributed automatic mesh merging module available
[2016.06.08-11.10.14:812][  0]LogAssetRegistry: FAssetRegistry took 0.0219 seconds to start up
[2016.06.08-11.10.14:831][  0]LogPackageLocalizationCache: Processed 3 localized package path(s) for 2 prioritized culture(s) in 0.016941 seconds
[2016.06.08-11.10.14:837][  0]LogUObjectArray: 28739 objects as part of root set at end of initial load.
[2016.06.08-11.10.14:837][  0]LogUObjectAllocator: 5855632 out of 0 bytes used by permanent object pool.
[2016.06.08-11.10.14:837][  0]LogUObjectArray: CloseDisregardForGC: 0/0 objects in disregard for GC pool
[2016.06.08-11.10.14:843][  0]LogInit: WinSock: version 1.1 (2.2), MaxSocks=32767, MaxUdp=65467
[2016.06.08-11.10.15:013][  0]LogSlate: SlateFontCache - WITH_FREETYPE: 1, WITH_HARFBUZZ: 1
[2016.06.08-11.10.15:013][  0]LogSlate: SlateFontCache - WITH_FREETYPE: 1, WITH_HARFBUZZ: 1
[2016.06.08-11.10.15:714][  0]LogUdpMessaging: Initializing bridge on interface 0.0.0.0:0 to multicast group 230.0.0.1:6666.
[2016.06.08-11.10.15:927][  0]SourceControl: Info Source control is disabled
[2016.06.08-11.10.15:966][  0]SourceControl: Info Source control is disabled
[2016.06.08-11.10.15:973][  0]SourceControl: Info Source control is disabled
[2016.06.08-11.10.15:980][  0]SourceControl: Info Source control is disabled
[2016.06.08-11.10.16:266][  0]LogEngine: Initializing Engine...
[2016.06.08-11.10.16:267][  0]LogHMD: SteamVR failed to initialize.  Err: 110
[2016.06.08-11.10.16:267][  0]LogHMD: SteamVR failed to initialize.  Err: 110
[2016.06.08-11.10.16:414][  0]LogAIModule: Creating AISystem for world NewWorld
[2016.06.08-11.10.16:430][  0]LogInit: XAudio2 using 'Speakers (Turtle Beach P11 Headset)' : 2 channels at 48 kHz using 16 bits per sample (channel mask 0x3)
[2016.06.08-11.10.16:438][  0]LogInit: FAudioDevice initialized.
[2016.06.08-11.10.16:462][  0]LogDerivedDataCache: Saved boot cache 0.02s 48MB C:/Users/James/AppData/Local/UnrealEngine/4.12/DerivedDataCache/Boot.ddc.
[2016.06.08-11.10.16:468][  0]LogInit: Texture streaming: Enabled
[2016.06.08-11.10.16:486][  0]LogInit: Transaction tracking system initialized
[2016.06.08-11.10.16:505][  0]BlueprintLog: New page: Editor Load
[2016.06.08-11.10.16:591][  0]LogInit:Warning: CVar named 'r.MobileHDR' marked up in RendererSettings was not found or is set to read-only
[2016.06.08-11.10.17:419][  0]LocalizationService: Info Localization service is disabled
[2016.06.08-11.10.17:499][  0]LogConsoleResponse:Display: 
[2016.06.08-11.10.17:596][  0]LogCook:Display: Max memory allowance for cook 8192mb
[2016.06.08-11.10.17:596][  0]LogCook:Display: Mobile HDR setting 1
[2016.06.08-11.10.17:676][  0]LogFileCache: Scanning file cache for directory 'E:/Documents/Unreal Projects/ArchVisDemo/Content/' took 0.01s
[2016.06.08-11.10.17:676][  0]SourceControl: Info Source control is disabled
[2016.06.08-11.10.17:676][  0]Cmd: MAP LOAD FILE="E:/Documents/Unreal Projects/ArchVisDemo/Content/FirstPersonBP/Maps/FirstPersonExampleMap.umap" TEMPLATE=0 SHOWPROGRESS=1 FEATURELEVEL=3
[2016.06.08-11.10.17:676][  0]LightingResults: New page: Lighting Build
[2016.06.08-11.10.17:678][  0]MapCheck: New page: Map Check
[2016.06.08-11.10.17:678][  0]LightingResults: New page: Lighting Build
[2016.06.08-11.10.18:173][  0]LogAIModule: Creating AISystem for world FirstPersonExampleMap
[2016.06.08-11.10.18:183][  0]LogEditorServer: Finished looking for orphan Actors (0.000 secs)
[2016.06.08-11.10.18:184][  0]Cmd: MAP CHECKDEP NOCLEARLOG
[2016.06.08-11.10.18:294][  0]MapCheck: Info Map check complete: 0 Error(s), 0 Warning(s), took 109.889ms to complete.
[2016.06.08-11.10.18:294][  0]LogFileHelpers: Loading map 'FirstPersonExampleMap' took 0.619
[2016.06.08-11.10.18:447][  0]LogCollectionManager: Loaded 0 collections in 0.001191 seconds
[2016.06.08-11.10.18:493][  0]LogFileCache: Scanning file cache for directory 'E:/Documents/Unreal Projects/ArchVisDemo/Saved/Collections/' took 0.01s
[2016.06.08-11.10.18:493][  0]LogFileCache: Scanning file cache for directory 'E:/Documents/Unreal Projects/ArchVisDemo/Content/Developers/James/Collections/' took 0.01s
[2016.06.08-11.10.18:493][  0]LogFileCache: Scanning file cache for directory 'E:/Documents/Unreal Projects/ArchVisDemo/Content/Collections/' took 0.01s
[2016.06.08-11.10.18:493][  0]LogCollectionManager: Rebuilt the GUID cache for 0 collections in 0.000002 seconds
[2016.06.08-11.10.18:501][  0]LogContentBrowser: Native class hierarchy populated in 0.0079 seconds. Added 2047 classes and 369 folders.
[2016.06.08-11.10.18:504][  0]LogStats: UGameplayTagsManager::ConstructGameplayTagTree: Construct from data asset -  0.000 s
[2016.06.08-11.10.18:504][  0]LogStats: UGameplayTagsManager::ConstructGameplayTagTree: GameplayTagTreeChangedEvent.Broadcast -  0.000 s
[2016.06.08-11.10.18:505][  0]LogContentBrowser: Native class hierarchy updated for 'GameplayTags' in 0.0004 seconds. Added 12 classes and 0 folders.
[2016.06.08-11.10.18:508][  0]LogContentBrowser: Native class hierarchy updated for 'WidgetCarousel' in 0.0003 seconds. Added 0 classes and 0 folders.
[2016.06.08-11.10.18:543][  0]LogContentBrowser: Native class hierarchy updated for 'AddContentDialog' in 0.0004 seconds. Added 0 classes and 0 folders.
[2016.06.08-11.10.18:547][  0]LogContentBrowser: Native class hierarchy updated for 'SceneOutliner' in 0.0004 seconds. Added 1 classes and 2 folders.
[2016.06.08-11.10.18:561][  0]LogCrashTracker: Crashtracker disabled due to settings.
[2016.06.08-11.10.18:565][  0]LogUObjectGlobals:Warning: Failed to find object 'Class None.'
[2016.06.08-11.10.18:591][  0]LogContentBrowser: Native class hierarchy updated for 'HierarchicalLODOutliner' in 0.0004 seconds. Added 1 classes and 2 folders.
[2016.06.08-11.10.18:591][  0]LogLoad: Full Startup: 6.68 seconds (BP compile: 0.16 seconds)
[2016.06.08-11.10.18:592][  0]LogExternalProfiler: No external profilers were discovered.  External profiling features will not be available.
[2016.06.08-11.10.18:601][  0]LogWindowsTextInputMethodSystem:Display: IME system now deactivated.
[2016.06.08-11.10.18:601][  0]LogWindowsTextInputMethodSystem:Display: IME system now deactivated.
[2016.06.08-11.10.18:601][  0]LogOcInput: OculusInput pre-init called
[2016.06.08-11.10.18:629][  0]LogContentStreaming: Texture pool size now 700 MB
[2016.06.08-11.10.18:793][  0]LogRenderer: Reallocating scene render targets to support 1208x576 (Frame:2).
[2016.06.08-11.10.18:949][  1]LogAssetRegistry: Asset discovery search completed in 4.1590 seconds
[2016.06.08-11.10.18:949][  1]LogCollectionManager: Rebuilt the object cache for 0 collections in 0.000001 seconds (found 0 objects)
[2016.06.08-11.10.18:949][  1]LogCollectionManager: Fixed up redirectors for 0 collections in 0.000023 seconds (updated 0 objects)
[2016.06.08-11.10.32:062][461]LogMetaData: Removing '/Game/FirstPersonBP/Maps/Home.Home_C' ref from Metadata '/Game/FirstPersonBP/Maps/FirstPersonExampleMap.PackageMetaData'
[2016.06.08-11.10.32:062][461]LogMetaData: Removing '/Game/FirstPersonBP/Maps/Home.SKEL_Home_C' ref from Metadata '/Game/FirstPersonBP/Maps/FirstPersonExampleMap.PackageMetaData'
[2016.06.08-11.10.32:149][461]Cmd: OBJ SAVEPACKAGE PACKAGE="/Game/FirstPersonBP/Maps/Home" FILE="E:/Documents/Unreal Projects/ArchVisDemo/Content/FirstPersonBP/Maps/Home.umap" SILENT=true AUTOSAVING=false KEEPDIRTY=false
[2016.06.08-11.10.33:412][461]LogSavePackage: Save=1253.28ms
[2016.06.08-11.10.33:412][461]LogSavePackage: Moving 'E:/Documents/Unreal Projects/ArchVisDemo/Saved/Home3C61C9E949DC46D2741802AD5EE46FBD.tmp' to 'E:/Documents/Unreal Projects/ArchVisDemo/Content/FirstPersonBP/Maps/Home.umap'
[2016.06.08-11.10.33:413][461]LogSavePackage:Display: Finished SavePackage E:/Documents/Unreal Projects/ArchVisDemo/Content/FirstPersonBP/Maps/Home.umap
[2016.06.08-11.10.33:420][461]LogFileHelpers: Saving map 'Home' took 1.316
[2016.06.08-11.10.36:203][775]LogWindowsTextInputMethodSystem:Display: IME system now deactivated.
[2016.06.08-11.10.36:203][775]LogWindowsTextInputMethodSystem:Display: IME system now deactivated.
[2016.06.08-11.10.36:366][776]Cmd: QUIT_EDITOR
[2016.06.08-11.10.36:418][776]LogExit: Preparing to exit.
[2016.06.08-11.10.36:867][776]LogExit: Editor shut down
[2016.06.08-11.10.36:868][776]LogExit: Transaction tracking system shut down
[2016.06.08-11.10.37:030][776]LogObj: Freed 0b from 0 cluster array pools.
[2016.06.08-11.10.37:030][776]LogExit: Object subsystem successfully closed.
[2016.06.08-11.10.37:048][776]LogD3D11RHI: Shutdown
[2016.06.08-11.10.37:048][776]LogD3D11RHI: CleanupD3DDevice
[2016.06.08-11.10.37:081][776]LogD3D11RHI: ~FD3D11DynamicRHI
[2016.06.08-11.10.37:099][776]LogModuleManager: Shutting down and abandoning module HierarchicalLODOutliner (212)
[2016.06.08-11.10.37:099][776]LogModuleManager: Shutting down and abandoning module CrashTracker (211)
[2016.06.08-11.10.37:099][776]LogModuleManager: Shutting down and abandoning module SceneOutliner (210)
[2016.06.08-11.10.37:099][776]LogModuleManager: Shutting down and abandoning module WidgetCarousel (209)
[2016.06.08-11.10.37:099][776]LogModuleManager: Shutting down and abandoning module AddContentDialog (208)
[2016.06.08-11.10.37:126][776]LogModuleManager: Shutting down and abandoning module GameplayTags (207)
[2016.06.08-11.10.37:126][776]LogModuleManager: Shutting down and abandoning module EditorWidgets (206)
[2016.06.08-11.10.37:126][776]LogModuleManager: Shutting down and abandoning module CollectionManager (205)
[2016.06.08-11.10.37:127][776]LogModuleManager: Shutting down and abandoning module StatsViewer (204)
[2016.06.08-11.10.37:127][776]LogModuleManager: Shutting down and abandoning module FoliageEdit (203)
[2016.06.08-11.10.37:127][776]LogModuleManager: Shutting down and abandoning module LandscapeEditor (202)
[2016.06.08-11.10.37:127][776]LogModuleManager: Shutting down and abandoning module SceneDepthPickerMode (201)
[2016.06.08-11.10.37:127][776]LogModuleManager: Shutting down and abandoning module ActorPickerMode (200)
[2016.06.08-11.10.37:127][776]LogModuleManager: Shutting down and abandoning module GeometryMode (199)
[2016.06.08-11.10.37:127][776]LogModuleManager: Shutting down and abandoning module TextureAlignMode (198)
[2016.06.08-11.10.37:127][776]LogModuleManager: Shutting down and abandoning module BspMode (197)
[2016.06.08-11.10.37:127][776]LogModuleManager: Shutting down and abandoning module HardwareSurvey (196)
[2016.06.08-11.10.37:127][776]LogModuleManager: Shutting down and abandoning module SequenceRecorderSections (195)
[2016.06.08-11.10.37:127][776]LogModuleManager: Shutting down and abandoning module SequenceRecorder (194)
[2016.06.08-11.10.37:127][776]LogModuleManager: Shutting down and abandoning module AutomationWorker (193)
[2016.06.08-11.10.37:127][776]LogModuleManager: Shutting down and abandoning module MatineeToLevelSequence (192)
[2016.06.08-11.10.37:127][776]LogModuleManager: Shutting down and abandoning module PlacementMode (191)
[2016.06.08-11.10.37:127][776]LogModuleManager: Shutting down and abandoning module LevelSequenceEditor (190)
[2016.06.08-11.10.37:127][776]LogModuleManager: Shutting down and abandoning module CharacterAI (189)
[2016.06.08-11.10.37:127][776]LogModuleManager: Shutting down and abandoning module SmartSnapping (188)
[2016.06.08-11.10.37:127][776]LogModuleManager: Shutting down and abandoning module SessionServices (187)
[2016.06.08-11.10.37:127][776]LogModuleManager: Shutting down and abandoning module ViewportSnapping (186)
[2016.06.08-11.10.37:127][776]LogModuleManager: Shutting down and abandoning module LogVisualizer (185)
[2016.06.08-11.10.37:127][776]LogModuleManager: Shutting down and abandoning module GameProjectGeneration (184)
[2016.06.08-11.10.37:127][776]LogModuleManager: Shutting down and abandoning module IntroTutorials (183)
[2016.06.08-11.10.37:127][776]LogModuleManager: Shutting down and abandoning module EditorLiveStreaming (182)
[2016.06.08-11.10.37:128][776]LogModuleManager: Shutting down and abandoning module IOSPlatformEditor (181)
[2016.06.08-11.10.37:128][776]LogModuleManager: Shutting down and abandoning module HTML5PlatformEditor (180)
[2016.06.08-11.10.37:128][776]LogModuleManager: Shutting down and abandoning module AndroidDeviceDetection (179)
[2016.06.08-11.10.37:463][776]LogModuleManager: Shutting down and abandoning module AndroidPlatformEditor (178)
[2016.06.08-11.10.37:463][776]LogModuleManager: Shutting down and abandoning module IOSRuntimeSettings (177)
[2016.06.08-11.10.37:463][776]LogModuleManager: Shutting down and abandoning module AndroidRuntimeSettings (176)
[2016.06.08-11.10.37:463][776]LogModuleManager: Shutting down and abandoning module MergeActors (175)
[2016.06.08-11.10.37:463][776]LogModuleManager: Shutting down and abandoning module SizeMap (174)
[2016.06.08-11.10.37:463][776]LogModuleManager: Shutting down and abandoning module TreeMap (173)
[2016.06.08-11.10.37:463][776]LogModuleManager: Shutting down and abandoning module ReferenceViewer (172)
[2016.06.08-11.10.37:463][776]LogModuleManager: Shutting down and abandoning module LocalizationService (171)
[2016.06.08-11.10.37:463][776]LogModuleManager: Shutting down and abandoning module LocalizationDashboard (170)
[2016.06.08-11.10.37:463][776]LogModuleManager: Shutting down and abandoning module HardwareTargeting (169)
[2016.06.08-11.10.37:463][776]LogModuleManager: Shutting down and abandoning module DeviceProfileEditor (168)
[2016.06.08-11.10.37:463][776]LogModuleManager: Shutting down and abandoning module UndoHistory (167)
[2016.06.08-11.10.37:463][776]LogModuleManager: Shutting down and abandoning module UserFeedback (166)
[2016.06.08-11.10.37:463][776]LogModuleManager: Shutting down and abandoning module XmlParser (165)
[2016.06.08-11.10.37:463][776]LogModuleManager: Shutting down and abandoning module Blutility (164)
[2016.06.08-11.10.37:463][776]LogModuleManager: Shutting down and abandoning module ProjectTargetPlatformEditor (163)
[2016.06.08-11.10.37:463][776]LogModuleManager: Shutting down and abandoning module ProjectSettingsViewer (162)
[2016.06.08-11.10.37:463][776]LogModuleManager: Shutting down and abandoning module InputBindingEditor (161)
[2016.06.08-11.10.37:464][776]LogModuleManager: Shutting down and abandoning module EditorSettingsViewer (160)
[2016.06.08-11.10.37:464][776]LogModuleManager: Shutting down and abandoning module SettingsEditor (159)
[2016.06.08-11.10.37:464][776]LogModuleManager: Shutting down and abandoning module ProjectLauncher (158)
[2016.06.08-11.10.37:464][776]LogModuleManager: Shutting down and abandoning module SessionFrontend (157)
[2016.06.08-11.10.37:464][776]LogModuleManager: Shutting down and abandoning module ProfilerClient (156)
[2016.06.08-11.10.37:464][776]LogModuleManager: Shutting down and abandoning module TargetDeviceServices (155)
[2016.06.08-11.10.37:464][776]LogModuleManager: Shutting down and abandoning module DeviceManager (154)
[2016.06.08-11.10.37:519][776]LogModuleManager: Shutting down and abandoning module AutomationController (153)
[2016.06.08-11.10.37:519][776]LogModuleManager: Shutting down and abandoning module AutomationWindow (152)
[2016.06.08-11.10.37:519][776]LogModuleManager: Shutting down and abandoning module Layers (151)
[2016.06.08-11.10.37:519][776]LogModuleManager: Shutting down and abandoning module ComponentVisualizers (150)
[2016.06.08-11.10.37:519][776]LogModuleManager: Shutting down and abandoning module DetailCustomizations (149)
[2016.06.08-11.10.37:519][776]LogModuleManager: Shutting down and abandoning module PackagesDialog (148)
[2016.06.08-11.10.37:519][776]LogModuleManager: Shutting down and abandoning module Persona (147)
[2016.06.08-11.10.37:519][776]LogModuleManager: Shutting down and abandoning module Kismet (146)
[2016.06.08-11.10.37:519][776]LogModuleManager: Shutting down and abandoning module GraphEditor (145)
[2016.06.08-11.10.37:519][776]LogModuleManager: Shutting down and abandoning module ClassViewer (144)
[2016.06.08-11.10.37:519][776]LogModuleManager: Shutting down and abandoning module Toolbox (143)
[2016.06.08-11.10.37:519][776]LogModuleManager: Shutting down and abandoning module ModuleUI (142)
[2016.06.08-11.10.37:519][776]LogModuleManager: Shutting down and abandoning module MovieSceneTools (141)
[2016.06.08-11.10.37:519][776]LogModuleManager: Shutting down and abandoning module OutputLog (140)
[2016.06.08-11.10.37:519][776]LogModuleManager: Shutting down and abandoning module GammaUI (139)
[2016.06.08-11.10.37:519][776]LogModuleManager: Shutting down and abandoning module Documentation (138)
[2016.06.08-11.10.37:519][776]LogModuleManager: Shutting down and abandoning module StreamingPauseRendering (137)
[2016.06.08-11.10.37:519][776]LogModuleManager: Shutting down and abandoning module AnalyticsET (136)
[2016.06.08-11.10.37:519][776]LogModuleManager: Shutting down and abandoning module Analytics (135)
[2016.06.08-11.10.37:519][776]LogModuleManager: Shutting down and abandoning module PortalServices (134)
[2016.06.08-11.10.37:519][776]LogModuleManager: Shutting down and abandoning module PortalRpc (133)
[2016.06.08-11.10.37:519][776]LogModuleManager: Shutting down and abandoning module MessagingRpc (132)
[2016.06.08-11.10.37:519][776]LogModuleManager: Shutting down and abandoning module GameplayDebugger (131)
[2016.06.08-11.10.37:519][776]LogModuleManager: Shutting down and abandoning module AITestSuite (130)
[2016.06.08-11.10.37:519][776]LogModuleManager: Shutting down and abandoning module AIModule (129)
[2016.06.08-11.10.37:519][776]LogModuleManager: Shutting down and abandoning module ProfilerService (128)
[2016.06.08-11.10.37:730][776]LogModuleManager: Shutting down and abandoning module TaskGraph (127)
[2016.06.08-11.10.37:730][776]LogModuleManager: Shutting down and abandoning module SlateRemote (126)
[2016.06.08-11.10.37:730][776]LogModuleManager: Shutting down and abandoning module SteamVRController (125)
[2016.06.08-11.10.37:730][776]LogModuleManager: Shutting down and abandoning module SteamVR (124)
[2016.06.08-11.10.37:730][776]LogModuleManager: Shutting down and abandoning module ProceduralMeshComponent (123)
[2016.06.08-11.10.37:730][776]LogModuleManager: Shutting down and abandoning module OculusLibrary (122)
[2016.06.08-11.10.37:730][776]LogModuleManager: Shutting down and abandoning module OculusInput (121)
[2016.06.08-11.10.37:730][776]LogModuleManager: Shutting down and abandoning module CustomMeshComponent (120)
[2016.06.08-11.10.37:730][776]LogModuleManager: Shutting down and abandoning module CableComponent (119)
[2016.06.08-11.10.37:730][776]LogModuleManager: Shutting down and abandoning module ArchVisCharacter (118)
[2016.06.08-11.10.37:730][776]LogModuleManager: Shutting down and abandoning module MediaPlayerEditor (117)
[2016.06.08-11.10.37:730][776]LogModuleManager: Shutting down and abandoning module HTML5Networking (116)
[2016.06.08-11.10.37:730][776]LogModuleManager: Shutting down and abandoning module SuperSearch (115)
[2016.06.08-11.10.37:730][776]LogModuleManager: Shutting down and abandoning module SuperSearchEditor (114)
[2016.06.08-11.10.37:730][776]LogModuleManager: Shutting down and abandoning module SpeedTreeImporter (113)
[2016.06.08-11.10.37:730][776]LogModuleManager: Shutting down and abandoning module PluginBrowser (112)
[2016.06.08-11.10.37:730][776]LogModuleManager: Shutting down and abandoning module EpicSurvey (111)
[2016.06.08-11.10.37:730][776]LogModuleManager: Shutting down and abandoning module DesktopPlatform (110)
[2016.06.08-11.10.37:731][776]LogModuleManager: Shutting down and abandoning module VisualStudioSourceCodeAccess (109)
[2016.06.08-11.10.37:731][776]LogModuleManager: Shutting down and abandoning module UObjectPlugin (108)
[2016.06.08-11.10.37:731][776]LogModuleManager: Shutting down and abandoning module SubversionSourceControl (107)
[2016.06.08-11.10.37:731][776]LogModuleManager: Shutting down and abandoning module PerforceSourceControl (106)
[2016.06.08-11.10.37:731][776]LogModuleManager: Shutting down and abandoning module SourceControl (105)
[2016.06.08-11.10.37:731][776]LogModuleManager: Shutting down and abandoning module GitSourceControl (104)
[2016.06.08-11.10.37:731][776]LogModuleManager: Shutting down and abandoning module LightPropagationVolumeEditor (103)
[2016.06.08-11.10.37:731][776]LogModuleManager: Shutting down and abandoning module PaperTiledImporter (102)
[2016.06.08-11.10.37:731][776]LogModuleManager: Shutting down and abandoning module PaperSpriteSheetImporter (101)
[2016.06.08-11.10.37:731][776]LogModuleManager: Shutting down and abandoning module MeshPaint (100)
[2016.06.08-11.10.37:731][776]LogModuleManager: Shutting down and abandoning module PixelInspectorModule (99)
[2016.06.08-11.10.37:731][776]LogModuleManager: Shutting down and abandoning module HotReload (98)
[2016.06.08-11.10.37:731][776]LogModuleManager: Shutting down and abandoning module MainFrame (97)
[2016.06.08-11.10.37:731][776]LogModuleManager: Shutting down and abandoning module LevelEditor (96)
[2016.06.08-11.10.37:732][776]LogModuleManager: Shutting down and abandoning module ContentBrowser (95)
[2016.06.08-11.10.37:734][776]LogModuleManager: Shutting down and abandoning module Paper2DEditor (94)
[2016.06.08-11.10.37:734][776]LogModuleManager: Shutting down and abandoning module UdpMessaging (93)
[2016.06.08-11.10.37:836][776]LogModuleManager: Shutting down and abandoning module LightPropagationVolumeRuntime (92)
[2016.06.08-11.10.37:836][776]LogModuleManager: Shutting down and abandoning module Paper2D (91)
[2016.06.08-11.10.37:836][776]LogModuleManager: Shutting down and abandoning module WindowsMoviePlayer (90)
[2016.06.08-11.10.37:836][776]LogModuleManager: Shutting down and abandoning module Media (89)
[2016.06.08-11.10.37:836][776]LogModuleManager: Shutting down and abandoning module WmfMedia (88)
[2016.06.08-11.10.37:836][776]LogModuleManager: Shutting down and abandoning module GameLiveStreaming (87)
[2016.06.08-11.10.37:836][776]LogModuleManager: Shutting down and abandoning module GameplayTagsEditor (86)
[2016.06.08-11.10.37:836][776]LogModuleManager: Shutting down and abandoning module OnlineBlueprintSupport (85)
[2016.06.08-11.10.37:836][776]LogModuleManager: Shutting down and abandoning module VREditor (84)
[2016.06.08-11.10.37:836][776]LogModuleManager: Shutting down and abandoning module GameplayTasksEditor (83)
[2016.06.08-11.10.37:836][776]LogModuleManager: Shutting down and abandoning module PropertyEditor (82)
[2016.06.08-11.10.37:836][776]LogModuleManager: Shutting down and abandoning module BehaviorTreeEditor (81)
[2016.06.08-11.10.37:836][776]LogModuleManager: Shutting down and abandoning module FunctionalTesting (80)
[2016.06.08-11.10.37:836][776]LogModuleManager: Shutting down and abandoning module CollisionAnalyzer (79)
[2016.06.08-11.10.37:836][776]LogModuleManager: Shutting down and abandoning module Sequencer (78)
[2016.06.08-11.10.37:836][776]LogModuleManager: Shutting down and abandoning module WorkspaceMenuStructure (77)
[2016.06.08-11.10.37:836][776]LogModuleManager: Shutting down and abandoning module MessageLog (76)
[2016.06.08-11.10.37:836][776]LogModuleManager: Shutting down and abandoning module AssetTools (75)
[2016.06.08-11.10.37:836][776]LogModuleManager: Shutting down and abandoning module UMGEditor (74)
[2016.06.08-11.10.37:836][776]LogModuleManager: Shutting down and abandoning module UMG (73)
[2016.06.08-11.10.37:836][776]LogModuleManager: Shutting down and abandoning module SlateReflector (72)
[2016.06.08-11.10.37:836][776]LogModuleManager: Shutting down and abandoning module Slate (71)
[2016.06.08-11.10.37:836][776]LogModuleManager: Shutting down and abandoning module EditorStyle (70)
[2016.06.08-11.10.37:839][776]LogModuleManager: Shutting down and abandoning module SourceCodeAccess (69)
[2016.06.08-11.10.37:839][776]LogModuleManager: Shutting down and abandoning module HeadMountedDisplay (68)
[2016.06.08-11.10.37:839][776]LogModuleManager: Shutting down and abandoning module XAudio2 (67)
[2016.06.08-11.10.37:839][776]LogModuleManager: Shutting down and abandoning module Networking (65)
[2016.06.08-11.10.37:839][776]LogModuleManager: Shutting down and abandoning module Core (64)
[2016.06.08-11.10.37:839][776]LogModuleManager: Shutting down and abandoning module DirectoryWatcher (63)
[2016.06.08-11.10.37:839][776]LogModuleManager: Shutting down and abandoning module AssetRegistry (62)
[2016.06.08-11.10.37:970][776]LogModuleManager: Shutting down and abandoning module KismetCompiler (61)
[2016.06.08-11.10.37:970][776]LogModuleManager: Shutting down and abandoning module PhysXFormats (60)
[2016.06.08-11.10.37:970][776]LogModuleManager: Shutting down and abandoning module MeshUtilities (59)
[2016.06.08-11.10.37:970][776]LogModuleManager: Shutting down and abandoning module DerivedDataCache (58)
[2016.06.08-11.10.38:158][776]LogDerivedDataCache: Shutdown
[2016.06.08-11.10.38:158][776]LogModuleManager: Shutting down and abandoning module VulkanShaderFormat (57)
[2016.06.08-11.10.38:158][776]LogModuleManager: Shutting down and abandoning module ShaderFormatOpenGL (56)
[2016.06.08-11.10.38:158][776]LogModuleManager: Shutting down and abandoning module ShaderFormatD3D (55)
[2016.06.08-11.10.38:158][776]LogModuleManager: Shutting down and abandoning module MetalShaderFormat (54)
[2016.06.08-11.10.38:158][776]LogModuleManager: Shutting down and abandoning module TextureFormatUncompressed (53)
[2016.06.08-11.10.38:158][776]LogModuleManager: Shutting down and abandoning module TextureFormatPVR (52)
[2016.06.08-11.10.38:158][776]LogModuleManager: Shutting down and abandoning module TextureFormatIntelISPCTexComp (51)
[2016.06.08-11.10.38:158][776]LogModuleManager: Shutting down and abandoning module TextureFormatDXT (50)
[2016.06.08-11.10.38:158][776]LogModuleManager: Shutting down and abandoning module ImageWrapper (49)
[2016.06.08-11.10.38:158][776]LogModuleManager: Shutting down and abandoning module TextureFormatASTC (48)
[2016.06.08-11.10.38:158][776]LogModuleManager: Shutting down and abandoning module TextureFormatAndroid (47)
[2016.06.08-11.10.38:158][776]LogModuleManager: Shutting down and abandoning module AudioFormatOpus (46)
[2016.06.08-11.10.38:158][776]LogModuleManager: Shutting down and abandoning module AudioFormatOgg (45)
[2016.06.08-11.10.38:158][776]LogModuleManager: Shutting down and abandoning module AudioFormatADPCM (44)
[2016.06.08-11.10.38:158][776]LogModuleManager: Shutting down and abandoning module LinuxTargetPlatform (43)
[2016.06.08-11.10.38:158][776]LogModuleManager: Shutting down and abandoning module LinuxServerTargetPlatform (42)
[2016.06.08-11.10.38:158][776]LogModuleManager: Shutting down and abandoning module LinuxNoEditorTargetPlatform (41)
[2016.06.08-11.10.38:158][776]LogModuleManager: Shutting down and abandoning module TVOSTargetPlatform (40)
[2016.06.08-11.10.38:158][776]LogModuleManager: Shutting down and abandoning module Messaging (39)
[2016.06.08-11.10.38:158][776]LogModuleManager: Shutting down and abandoning module IOSTargetPlatform (38)
[2016.06.08-11.10.38:158][776]LogModuleManager: Shutting down and abandoning module HTML5TargetPlatform (37)
[2016.06.08-11.10.38:158][776]LogModuleManager: Shutting down and abandoning module Android_PVRTCTargetPlatform (36)
[2016.06.08-11.10.38:158][776]LogModuleManager: Shutting down and abandoning module Android_MultiTargetPlatform (35)
[2016.06.08-11.10.38:158][776]LogModuleManager: Shutting down and abandoning module Android_ETC2TargetPlatform (34)
[2016.06.08-11.10.38:158][776]LogModuleManager: Shutting down and abandoning module Android_ETC1TargetPlatform (33)
[2016.06.08-11.10.38:158][776]LogModuleManager: Shutting down and abandoning module Android_DXTTargetPlatform (32)
[2016.06.08-11.10.38:158][776]LogModuleManager: Shutting down and abandoning module Android_ATCTargetPlatform (31)
[2016.06.08-11.10.38:158][776]LogModuleManager: Shutting down and abandoning module Android_ASTCTargetPlatform (30)
[2016.06.08-11.10.38:158][776]LogModuleManager: Shutting down and abandoning module AndroidTargetPlatform (29)
[2016.06.08-11.10.38:158][776]LogModuleManager: Shutting down and abandoning module WindowsTargetPlatform (28)
[2016.06.08-11.10.38:158][776]LogModuleManager: Shutting down and abandoning module WindowsServerTargetPlatform (27)
[2016.06.08-11.10.38:158][776]LogModuleManager: Shutting down and abandoning module WindowsNoEditorTargetPlatform (26)
[2016.06.08-11.10.38:158][776]LogModuleManager: Shutting down and abandoning module WindowsClientTargetPlatform (25)
[2016.06.08-11.10.38:159][776]LogModuleManager: Shutting down and abandoning module AllDesktopTargetPlatform (24)
[2016.06.08-11.10.38:159][776]LogModuleManager: Shutting down and abandoning module TargetPlatform (23)
[2016.06.08-11.10.38:159][776]LogModuleManager: Shutting down and abandoning module InputCore (22)
[2016.06.08-11.10.38:159][776]LogModuleManager: Shutting down and abandoning module Settings (21)
[2016.06.08-11.10.38:159][776]LogModuleManager: Shutting down and abandoning module OnlineSubsystem (19)
[2016.06.08-11.10.38:159][776]LogModuleManager: Shutting down and abandoning module HTTP (18)
[2016.06.08-11.10.42:673][776]LogModuleManager: Shutting down and abandoning module XMPP (17)
[2016.06.08-11.10.42:673][776]LogModuleManager: Shutting down and abandoning module OculusRift (16)
[2016.06.08-11.10.42:673][776]LogModuleManager: Shutting down and abandoning module ExampleDeviceProfileSelector (15)
[2016.06.08-11.10.42:673][776]LogModuleManager: Shutting down and abandoning module TextureCompressor (14)
[2016.06.08-11.10.42:673][776]LogModuleManager: Shutting down and abandoning module ShaderCore (13)
[2016.06.08-11.10.42:673][776]LogModuleManager: Shutting down and abandoning module Landscape (12)
[2016.06.08-11.10.42:673][776]LogModuleManager: Shutting down and abandoning module SlateRHIRenderer (11)
[2016.06.08-11.10.42:674][776]LogModuleManager: Shutting down and abandoning module OpenGLDrv (10)
[2016.06.08-11.10.42:674][776]LogModuleManager: Shutting down and abandoning module D3D11RHI (9)
[2016.06.08-11.10.42:674][776]LogModuleManager: Shutting down and abandoning module AnimGraphRuntime (8)
[2016.06.08-11.10.42:674][776]LogModuleManager: Shutting down and abandoning module Renderer (7)
[2016.06.08-11.10.42:674][776]LogModuleManager: Shutting down and abandoning module Engine (6)
[2016.06.08-11.10.42:674][776]LogModuleManager: Shutting down and abandoning module CoreUObject (5)
[2016.06.08-11.10.42:674][776]LogModuleManager: Shutting down and abandoning module NetworkFile (4)
[2016.06.08-11.10.42:674][776]LogModuleManager: Shutting down and abandoning module StreamingFile (3)
[2016.06.08-11.10.42:674][776]LogModuleManager: Shutting down and abandoning module SandboxFile (2)
[2016.06.08-11.10.42:674][776]LogModuleManager: Shutting down and abandoning module PakFile (1)
[2016.06.08-11.10.42:675][776]LogExit: Exiting.
[2016.06.08-11.10.42:683][776]Log file closed, 06/08/16 23:10:42
